<?xml version="1.0" encoding="UTF-8"?>
<testsuite xmlns:xsi="http://www.w3.org/2001/XMLSchema-instance" xsi:noNamespaceSchemaLocation="https://maven.apache.org/surefire/maven-surefire-plugin/xsd/surefire-test-report.xsd" name="com.community.config.core.models.TestHelloWorldModel" time="0.788" tests="1" errors="0" skipped="0" failures="0">
  <properties>
    <property name="java.runtime.name" value="OpenJDK Runtime Environment"/>
    <property name="sun.boot.library.path" value="C:\Users\yashavanth_vasantha\Documents\JDK-1.8.0\JDK\jre\bin"/>
    <property name="java.vm.version" value="25.242-b20"/>
    <property name="java.vm.vendor" value="Azul Systems, Inc."/>
    <property name="maven.multiModuleProjectDirectory" value="C:\Users\yashavanth_vasantha\Documents\eclipse-workspace\configDS"/>
    <property name="java.vendor.url" value="http://www.azulsystems.com/"/>
    <property name="path.separator" value=";"/>
    <property name="guice.disable.misplaced.annotation.check" value="true"/>
    <property name="java.vm.name" value="OpenJDK 64-Bit Server VM"/>
    <property name="file.encoding.pkg" value="sun.io"/>
    <property name="user.script" value=""/>
    <property name="user.country" value="US"/>
    <property name="sun.java.launcher" value="SUN_STANDARD"/>
    <property name="sun.os.patch.level" value=""/>
    <property name="java.vm.specification.name" value="Java Virtual Machine Specification"/>
    <property name="user.dir" value="C:\Users\yashavanth_vasantha\Documents\eclipse-workspace\configDS"/>
    <property name="java.runtime.version" value="1.8.0_242-b20"/>
    <property name="java.awt.graphicsenv" value="sun.awt.Win32GraphicsEnvironment"/>
    <property name="java.endorsed.dirs" value="C:\Users\yashavanth_vasantha\Documents\JDK-1.8.0\JDK\jre\lib\endorsed"/>
    <property name="os.arch" value="amd64"/>
    <property name="java.io.tmpdir" value="C:\Users\YASHAV~1\AppData\Local\Temp\"/>
    <property name="line.separator" value="&#10;"/>
    <property name="java.vm.specification.vendor" value="Oracle Corporation"/>
    <property name="user.variant" value=""/>
    <property name="os.name" value="Windows 10"/>
    <property name="classworlds.conf" value="C:\Users\yashavanth_vasantha\Documents\ApacheMaven-3.6.3\bin\..\bin\m2.conf"/>
    <property name="sun.jnu.encoding" value="Cp1252"/>
    <property name="java.library.path" value="C:\Users\yashavanth_vasantha\Documents\JDK-1.8.0\JDK\bin;C:\Windows\Sun\Java\bin;C:\Windows\system32;C:\Windows;C:\Windows\system32;C:\Windows;C:\Windows\System32\Wbem;C:\Windows\System32\WindowsPowerShell\v1.0\;C:\Windows\System32\OpenSSH\;C:\Windows\system32;C:\Windows;C:\Windows\System32\Wbem;C:\Windows\System32\WindowsPowerShell\v1.0\;C:\Windows\System32\OpenSSH\;C:\Windows\system32;C:\Windows;C:\Windows\System32\Wbem;C:\Windows\System32\WindowsPowerShell\v1.0\;C:\Windows\System32\OpenSSH\;C:\Users\yashavanth_vasantha\Documents\JDK-1.8.0\JDK\bin;C:\Users\yashavanth_vasantha\Documents\ApacheMaven-3.6.3\bin;;."/>
    <property name="maven.conf" value="C:\Users\yashavanth_vasantha\Documents\ApacheMaven-3.6.3\bin\../conf"/>
    <property name="java.specification.name" value="Java Platform API Specification"/>
    <property name="java.class.version" value="52.0"/>
    <property name="sun.management.compiler" value="HotSpot 64-Bit Tiered Compilers"/>
    <property name="os.version" value="10.0"/>
    <property name="library.jansi.path" value="C:\Users\yashavanth_vasantha\Documents\ApacheMaven-3.6.3\bin\..\lib\jansi-native"/>
    <property name="user.home" value="C:\Users\yashavanth_vasantha"/>
    <property name="user.timezone" value="Asia/Calcutta"/>
    <property name="java.awt.printerjob" value="sun.awt.windows.WPrinterJob"/>
    <property name="java.specification.version" value="1.8"/>
    <property name="file.encoding" value="Cp1252"/>
    <property name="user.name" value="yashavanth_vasantha"/>
    <property name="java.class.path" value="C:\Users\yashavanth_vasantha\Documents\ApacheMaven-3.6.3\bin\..\boot\plexus-classworlds-2.6.0.jar"/>
    <property name="java.vm.specification.version" value="1.8"/>
    <property name="sun.arch.data.model" value="64"/>
    <property name="java.home" value="C:\Users\yashavanth_vasantha\Documents\JDK-1.8.0\JDK\jre"/>
    <property name="sun.java.command" value="org.codehaus.plexus.classworlds.launcher.Launcher clean install"/>
    <property name="java.specification.vendor" value="Oracle Corporation"/>
    <property name="user.language" value="en"/>
    <property name="awt.toolkit" value="sun.awt.windows.WToolkit"/>
    <property name="java.vm.info" value="mixed mode"/>
    <property name="java.version" value="1.8.0_242"/>
    <property name="java.ext.dirs" value="C:\Users\yashavanth_vasantha\Documents\JDK-1.8.0\JDK\jre\lib\ext;C:\Windows\Sun\Java\lib\ext"/>
    <property name="sun.boot.class.path" value="C:\Users\yashavanth_vasantha\Documents\JDK-1.8.0\JDK\jre\lib\resources.jar;C:\Users\yashavanth_vasantha\Documents\JDK-1.8.0\JDK\jre\lib\rt.jar;C:\Users\yashavanth_vasantha\Documents\JDK-1.8.0\JDK\jre\lib\sunrsasign.jar;C:\Users\yashavanth_vasantha\Documents\JDK-1.8.0\JDK\jre\lib\jsse.jar;C:\Users\yashavanth_vasantha\Documents\JDK-1.8.0\JDK\jre\lib\jce.jar;C:\Users\yashavanth_vasantha\Documents\JDK-1.8.0\JDK\jre\lib\charsets.jar;C:\Users\yashavanth_vasantha\Documents\JDK-1.8.0\JDK\jre\lib\jfr.jar;C:\Users\yashavanth_vasantha\Documents\JDK-1.8.0\JDK\jre\classes"/>
    <property name="sun.stderr.encoding" value="cp850"/>
    <property name="java.vendor" value="Azul Systems, Inc."/>
    <property name="maven.home" value="C:\Users\yashavanth_vasantha\Documents\ApacheMaven-3.6.3\bin\.."/>
    <property name="file.separator" value="\"/>
    <property name="java.vendor.url.bug" value="http://www.azulsystems.com/support/"/>
    <property name="sun.cpu.endian" value="little"/>
    <property name="sun.io.unicode.encoding" value="UnicodeLittle"/>
    <property name="sun.stdout.encoding" value="cp850"/>
    <property name="sun.desktop" value="windows"/>
    <property name="sun.cpu.isalist" value="amd64"/>
  </properties>
  <testcase name="testGetMessage" classname="com.community.config.core.models.TestHelloWorldModel" time="0.754"/>
</testsuite>